This is XeTeX, Version 3.14159265-2.6-0.999992 (TeX Live 2020) (preloaded format=xelatex 2021.2.19)  19 FEB 2021 12:56
entering extended mode
 restricted \write18 enabled.
 %&-line parsing enabled.
**week1.ipynb
(./week1.ipynb
LaTeX2e <2020-02-02> patch level 5
L3 programming layer <2020-03-06>

! LaTeX Error: Missing \begin{document}.

See the LaTeX manual or LaTeX Companion for explanation.
Type  H <return>  for immediate help.
 ...                                              
                                                  
l.2  "
      cells": [
? 
! Emergency stop.
 ...                                              
                                                  
l.2  "
      cells": [
You're in trouble here.  Try typing  <return>  to proceed.
If that doesn't work, type  X <return>  to quit.

 
Here is how much of TeX's memory you used:
 17 strings out of 479418
 432 string characters out of 5884585
 245340 words of memory out of 5000000
 17635 multiletter control sequences out of 15000+600000
 532338 words of font info for 24 fonts, out of 8000000 for 9000
 1348 hyphenation exceptions out of 8191
 12i,0n,15p,44b,16s stack positions out of 5000i,500n,10000p,200000b,80000s
No pages of output.
